<?xml version="1.0" encoding="utf-8"?>
<test-run id="2" name="Open-Lab-04.05.dll" fullname="C:/Users/onkom/Source/Repos/Open-Lab-04.05/Open-Lab-04.05/bin/Debug/netcoreapp3.0/Open-Lab-04.05.dll" testcasecount="100" result="Passed" start-time="2021-11-05 08:16:33Z" end-time="2021-11-05 08:16:34Z" duration="0.124623" total="100" passed="100" failed="0" inconclusive="0" skipped="0" asserts="100" random-seed="2132824201">
  <command-line><![CDATA[C:\Users\onkom\Source\Repos\Open-Lab-04.05\Open-Lab-04.05\bin\Debug\netcoreapp3.0\Open-Lab-04.05.dll]]></command-line>
  <filter />
  <test-suite type="Assembly" id="1103" name="Open-Lab-04.05.dll" fullname="C:/Users/onkom/Source/Repos/Open-Lab-04.05/Open-Lab-04.05/bin/Debug/netcoreapp3.0/Open-Lab-04.05.dll" runstate="Runnable" testcasecount="100" result="Passed" start-time="2021-11-05 08:16:33Z" end-time="2021-11-05 08:16:34Z" duration="0.124623" total="100" passed="100" failed="0" warnings="0" inconclusive="0" skipped="0" asserts="100">
    <environment framework-version="3.12.0.0" clr-version="3.1.19" os-version="Microsoft Windows 10.0.19042" platform="Win32NT" cwd="C:\Users\onkom\Source\Repos\Open-Lab-04.05\Open-Lab-04.05\bin\Debug\netcoreapp3.0" machine-name="DESKTOP-7OQAPDJ" user="onkom" user-domain="DESKTOP-7OQAPDJ" culture="en-US" uiculture="en-US" os-architecture="x64" />
    <settings>
      <setting name="WorkDirectory" value="C:\Users\onkom\Source\Repos\Open-Lab-04.05\Open-Lab-04.05\bin\Debug\netcoreapp3.0" />
      <setting name="NumberOfTestWorkers" value="4" />
    </settings>
    <properties>
      <property name="_PID" value="1884" />
      <property name="_APPDOMAIN" value="Open-Lab-04.05" />
    </properties>
    <test-suite type="TestSuite" id="1104" name="Open_Lab_04" fullname="Open_Lab_04" runstate="Runnable" testcasecount="100" result="Passed" start-time="2021-11-05 08:16:33Z" end-time="2021-11-05 08:16:34Z" duration="0.107075" total="100" passed="100" failed="0" warnings="0" inconclusive="0" skipped="0" asserts="100">
      <test-suite type="TestSuite" id="1105" name="_05" fullname="Open_Lab_04._05" runstate="Runnable" testcasecount="100" result="Passed" start-time="2021-11-05 08:16:33Z" end-time="2021-11-05 08:16:34Z" duration="0.106360" total="100" passed="100" failed="0" warnings="0" inconclusive="0" skipped="0" asserts="100">
        <test-suite type="TestFixture" id="1000" name="Tests" fullname="Open_Lab_04._05.Tests" classname="Open_Lab_04._05.Tests" runstate="Runnable" testcasecount="100" result="Passed" start-time="2021-11-05 08:16:34Z" end-time="2021-11-05 08:16:34Z" duration="0.102660" total="100" passed="100" failed="0" warnings="0" inconclusive="0" skipped="0" asserts="100">
          <test-suite type="ParameterizedMethod" id="1004" name="RepeatTest" fullname="Open_Lab_04._05.Tests.RepeatTest" classname="Open_Lab_04._05.Tests" runstate="Runnable" testcasecount="3" result="Passed" start-time="2021-11-05 08:16:34Z" end-time="2021-11-05 08:16:34Z" duration="0.052160" total="3" passed="3" failed="0" warnings="0" inconclusive="0" skipped="0" asserts="3">
            <test-case id="1001" name="RepeatTest(&quot;mice&quot;,5,&quot;mmmmmiiiiiccccceeeee&quot;)" fullname="Open_Lab_04._05.Tests.RepeatTest(&quot;mice&quot;,5,&quot;mmmmmiiiiiccccceeeee&quot;)" methodname="RepeatTest" classname="Open_Lab_04._05.Tests" runstate="Runnable" seed="375627845" result="Passed" start-time="2021-11-05 08:16:34Z" end-time="2021-11-05 08:16:34Z" duration="0.040512" asserts="1" />
            <test-case id="1002" name="RepeatTest(&quot;hello&quot;,3,&quot;hhheeellllllooo&quot;)" fullname="Open_Lab_04._05.Tests.RepeatTest(&quot;hello&quot;,3,&quot;hhheeellllllooo&quot;)" methodname="RepeatTest" classname="Open_Lab_04._05.Tests" runstate="Runnable" seed="1044683392" result="Passed" start-time="2021-11-05 08:16:34Z" end-time="2021-11-05 08:16:34Z" duration="0.000253" asserts="1" />
            <test-case id="1003" name="RepeatTest(&quot;stop&quot;,1,&quot;stop&quot;)" fullname="Open_Lab_04._05.Tests.RepeatTest(&quot;stop&quot;,1,&quot;stop&quot;)" methodname="RepeatTest" classname="Open_Lab_04._05.Tests" runstate="Runnable" seed="2066542447" result="Passed" start-time="2021-11-05 08:16:34Z" end-time="2021-11-05 08:16:34Z" duration="0.000259" asserts="1" />
          </test-suite>
          <test-suite type="ParameterizedMethod" id="1102" name="RepeatTestRandom" fullname="Open_Lab_04._05.Tests.RepeatTestRandom" classname="Open_Lab_04._05.Tests" runstate="Runnable" testcasecount="97" result="Passed" start-time="2021-11-05 08:16:34Z" end-time="2021-11-05 08:16:34Z" duration="0.037091" total="97" passed="97" failed="0" warnings="0" inconclusive="0" skipped="0" asserts="97">
            <test-case id="1005" name="RepeatTestRandom(&quot;,9Cimv!@&quot;,9,&quot;,,,,,,,,,999999999CCCCCCCCCiiiiiiiiimmmmmmmmmvvvvvvvvv!!!!!!!!!@@@@@@@@@&quot;)" fullname="Open_Lab_04._05.Tests.RepeatTestRandom(&quot;,9Cimv!@&quot;,9,&quot;,,,,,,,,,999999999CCCCCCCCCiiiiiiiiimmmmmmmmmvvvvvvvvv!!!!!!!!!@@@@@@@@@&quot;)" methodname="RepeatTestRandom" classname="Open_Lab_04._05.Tests" runstate="Runnable" seed="793057231" result="Passed" start-time="2021-11-05 08:16:34Z" end-time="2021-11-05 08:16:34Z" duration="0.000733" asserts="1" />
            <test-case id="1006" name="RepeatTestRandom(&quot;SW_tu9X&quot;,4,&quot;SSSSWWWW____ttttuuuu9999XXXX&quot;)" fullname="Open_Lab_04._05.Tests.RepeatTestRandom(&quot;SW_tu9X&quot;,4,&quot;SSSSWWWW____ttttuuuu9999XXXX&quot;)" methodname="RepeatTestRandom" classname="Open_Lab_04._05.Tests" runstate="Runnable" seed="955711059" result="Passed" start-time="2021-11-05 08:16:34Z" end-time="2021-11-05 08:16:34Z" duration="0.000222" asserts="1" />
            <test-case id="1007" name="RepeatTestRandom(&quot;'\\b\\A&quot;,5,&quot;'''''\\\\\\\\\\bbbbb\\\\\\\\\\AAAAA&quot;)" fullname="Open_Lab_04._05.Tests.RepeatTestRandom(&quot;'\\b\\A&quot;,5,&quot;'''''\\\\\\\\\\bbbbb\\\\\\\\\\AAAAA&quot;)" methodname="RepeatTestRandom" classname="Open_Lab_04._05.Tests" runstate="Runnable" seed="1133336448" result="Passed" start-time="2021-11-05 08:16:34Z" end-time="2021-11-05 08:16:34Z" duration="0.000240" asserts="1" />
            <test-case id="1008" name="RepeatTestRandom(&quot;%+$mf8vvy]mz&quot;,3,&quot;%%%+++$$$mmmfff888vvvvvvyyy]]]mmmzzz&quot;)" fullname="Open_Lab_04._05.Tests.RepeatTestRandom(&quot;%+$mf8vvy]mz&quot;,3,&quot;%%%+++$$$mmmfff888vvvvvvyyy]]]mmmzzz&quot;)" methodname="RepeatTestRandom" classname="Open_Lab_04._05.Tests" runstate="Runnable" seed="584491400" result="Passed" start-time="2021-11-05 08:16:34Z" end-time="2021-11-05 08:16:34Z" duration="0.000324" asserts="1" />
            <test-case id="1009" name="RepeatTestRandom(&quot;1jui&quot;,3,&quot;111jjjuuuiii&quot;)" fullname="Open_Lab_04._05.Tests.RepeatTestRandom(&quot;1jui&quot;,3,&quot;111jjjuuuiii&quot;)" methodname="RepeatTestRandom" classname="Open_Lab_04._05.Tests" runstate="Runnable" seed="620683656" result="Passed" start-time="2021-11-05 08:16:34Z" end-time="2021-11-05 08:16:34Z" duration="0.000326" asserts="1" />
            <test-case id="1010" name="RepeatTestRandom(&quot;rYVolekb[EW!O=qq;MP&quot;,3,&quot;rrrYYYVVVooollleeekkkbbb[[[EEEWWW!!!OOO===qqqqqq;;;MMMPPP&quot;)" fullname="Open_Lab_04._05.Tests.RepeatTestRandom(&quot;rYVolekb[EW!O=qq;MP&quot;,3,&quot;rrrYYYVVVooollleeekkkbbb[[[EEEWWW!!!OOO===qqqqqq;;;MMMPPP&quot;)" methodname="RepeatTestRandom" classname="Open_Lab_04._05.Tests" runstate="Runnable" seed="21242519" result="Passed" start-time="2021-11-05 08:16:34Z" end-time="2021-11-05 08:16:34Z" duration="0.000305" asserts="1" />
            <test-case id="1011" name="RepeatTestRandom(&quot;du7GX6%plgm/BX&quot;,3,&quot;ddduuu777GGGXXX666%%%ppplllgggmmm///BBBXXX&quot;)" fullname="Open_Lab_04._05.Tests.RepeatTestRandom(&quot;du7GX6%plgm/BX&quot;,3,&quot;ddduuu777GGGXXX666%%%ppplllgggmmm///BBBXXX&quot;)" methodname="RepeatTestRandom" classname="Open_Lab_04._05.Tests" runstate="Runnable" seed="2140103611" result="Passed" start-time="2021-11-05 08:16:34Z" end-time="2021-11-05 08:16:34Z" duration="0.000325" asserts="1" />
            <test-case id="1012" name="RepeatTestRandom(&quot;0! G4:S&amp;lKs&quot;,5,&quot;00000!!!!!     GGGGG44444:::::SSSSS&amp;&amp;&amp;&amp;&amp;lllllKKKKKsssss&quot;)" fullname="Open_Lab_04._05.Tests.RepeatTestRandom(&quot;0! G4:S&amp;lKs&quot;,5,&quot;00000!!!!!     GGGGG44444:::::SSSSS&amp;&amp;&amp;&amp;&amp;lllllKKKKKsssss&quot;)" methodname="RepeatTestRandom" classname="Open_Lab_04._05.Tests" runstate="Runnable" seed="538209393" result="Passed" start-time="2021-11-05 08:16:34Z" end-time="2021-11-05 08:16:34Z" duration="0.000817" asserts="1" />
            <test-case id="1013" name="RepeatTestRandom(&quot;NH9r6.^&quot;,3,&quot;NNNHHH999rrr666...^^^&quot;)" fullname="Open_Lab_04._05.Tests.RepeatTestRandom(&quot;NH9r6.^&quot;,3,&quot;NNNHHH999rrr666...^^^&quot;)" methodname="RepeatTestRandom" classname="Open_Lab_04._05.Tests" runstate="Runnable" seed="220470157" result="Passed" start-time="2021-11-05 08:16:34Z" end-time="2021-11-05 08:16:34Z" duration="0.000277" asserts="1" />
            <test-case id="1014" name="RepeatTestRandom(&quot;3OeliXel,_&quot;,4,&quot;3333OOOOeeeelllliiiiXXXXeeeellll,,,,____&quot;)" fullname="Open_Lab_04._05.Tests.RepeatTestRandom(&quot;3OeliXel,_&quot;,4,&quot;3333OOOOeeeelllliiiiXXXXeeeellll,,,,____&quot;)" methodname="RepeatTestRandom" classname="Open_Lab_04._05.Tests" runstate="Runnable" seed="1078574464" result="Passed" start-time="2021-11-05 08:16:34Z" end-time="2021-11-05 08:16:34Z" duration="0.000123" asserts="1" />
            <test-case id="1015" name="RepeatTestRandom(&quot;+KOnGIB1&quot;,5,&quot;+++++KKKKKOOOOOnnnnnGGGGGIIIIIBBBBB11111&quot;)" fullname="Open_Lab_04._05.Tests.RepeatTestRandom(&quot;+KOnGIB1&quot;,5,&quot;+++++KKKKKOOOOOnnnnnGGGGGIIIIIBBBBB11111&quot;)" methodname="RepeatTestRandom" classname="Open_Lab_04._05.Tests" runstate="Runnable" seed="1264036406" result="Passed" start-time="2021-11-05 08:16:34Z" end-time="2021-11-05 08:16:34Z" duration="0.000090" asserts="1" />
            <test-case id="1016" name="RepeatTestRandom(&quot;=kT=&quot;,6,&quot;======kkkkkkTTTTTT======&quot;)" fullname="Open_Lab_04._05.Tests.RepeatTestRandom(&quot;=kT=&quot;,6,&quot;======kkkkkkTTTTTT======&quot;)" methodname="RepeatTestRandom" classname="Open_Lab_04._05.Tests" runstate="Runnable" seed="1202707940" result="Passed" start-time="2021-11-05 08:16:34Z" end-time="2021-11-05 08:16:34Z" duration="0.000074" asserts="1" />
            <test-case id="1017" name="RepeatTestRandom(&quot;8,Jc0chL\\BKv&quot;,4,&quot;8888,,,,JJJJcccc0000cccchhhhLLLL\\\\\\\\BBBBKKKKvvvv&quot;)" fullname="Open_Lab_04._05.Tests.RepeatTestRandom(&quot;8,Jc0chL\\BKv&quot;,4,&quot;8888,,,,JJJJcccc0000cccchhhhLLLL\\\\\\\\BBBBKKKKvvvv&quot;)" methodname="RepeatTestRandom" classname="Open_Lab_04._05.Tests" runstate="Runnable" seed="794981400" result="Passed" start-time="2021-11-05 08:16:34Z" end-time="2021-11-05 08:16:34Z" duration="0.000109" asserts="1" />
            <test-case id="1018" name="RepeatTestRandom(&quot;&gt;3euCwd#i_;-m&amp;1u8L80&quot;,4,&quot;&gt;&gt;&gt;&gt;3333eeeeuuuuCCCCwwwwdddd####iiii____;;;;----mmmm&amp;&amp;&amp;&amp;1111uuuu8888LLLL88880000&quot;)" fullname="Open_Lab_04._05.Tests.RepeatTestRandom(&quot;&gt;3euCwd#i_;-m&amp;1u8L80&quot;,4,&quot;&gt;&gt;&gt;&gt;3333eeeeuuuuCCCCwwwwdddd####iiii____;;;;----mmmm&amp;&amp;&amp;&amp;1111uuuu8888LLLL88880000&quot;)" methodname="RepeatTestRandom" classname="Open_Lab_04._05.Tests" runstate="Runnable" seed="1350008397" result="Passed" start-time="2021-11-05 08:16:34Z" end-time="2021-11-05 08:16:34Z" duration="0.000257" asserts="1" />
            <test-case id="1019" name="RepeatTestRandom(&quot;5a&quot;,6,&quot;555555aaaaaa&quot;)" fullname="Open_Lab_04._05.Tests.RepeatTestRandom(&quot;5a&quot;,6,&quot;555555aaaaaa&quot;)" methodname="RepeatTestRandom" classname="Open_Lab_04._05.Tests" runstate="Runnable" seed="1110397425" result="Passed" start-time="2021-11-05 08:16:34Z" end-time="2021-11-05 08:16:34Z" duration="0.000086" asserts="1" />
            <test-case id="1020" name="RepeatTestRandom(&quot;^\&quot;1%yGpVj&quot;,2,&quot;^^\&quot;\&quot;11%%yyGGppVVjj&quot;)" fullname="Open_Lab_04._05.Tests.RepeatTestRandom(&quot;^\&quot;1%yGpVj&quot;,2,&quot;^^\&quot;\&quot;11%%yyGGppVVjj&quot;)" methodname="RepeatTestRandom" classname="Open_Lab_04._05.Tests" runstate="Runnable" seed="52903445" result="Passed" start-time="2021-11-05 08:16:34Z" end-time="2021-11-05 08:16:34Z" duration="0.000093" asserts="1" />
            <test-case id="1021" name="RepeatTestRandom(&quot;ZtC&quot;,2,&quot;ZZttCC&quot;)" fullname="Open_Lab_04._05.Tests.RepeatTestRandom(&quot;ZtC&quot;,2,&quot;ZZttCC&quot;)" methodname="RepeatTestRandom" classname="Open_Lab_04._05.Tests" runstate="Runnable" seed="1735387446" result="Passed" start-time="2021-11-05 08:16:34Z" end-time="2021-11-05 08:16:34Z" duration="0.000068" asserts="1" />
            <test-case id="1022" name="RepeatTestRandom(&quot;=eH#qb&quot;,9,&quot;=========eeeeeeeeeHHHHHHHHH#########qqqqqqqqqbbbbbbbbb&quot;)" fullname="Open_Lab_04._05.Tests.RepeatTestRandom(&quot;=eH#qb&quot;,9,&quot;=========eeeeeeeeeHHHHHHHHH#########qqqqqqqqqbbbbbbbbb&quot;)" methodname="RepeatTestRandom" classname="Open_Lab_04._05.Tests" runstate="Runnable" seed="81618290" result="Passed" start-time="2021-11-05 08:16:34Z" end-time="2021-11-05 08:16:34Z" duration="0.000211" asserts="1" />
            <test-case id="1023" name="RepeatTestRandom(&quot;)z]*E=y$d 9blca&quot;,4,&quot;))))zzzz]]]]****EEEE====yyyy$$$$dddd    9999bbbbllllccccaaaa&quot;)" fullname="Open_Lab_04._05.Tests.RepeatTestRandom(&quot;)z]*E=y$d 9blca&quot;,4,&quot;))))zzzz]]]]****EEEE====yyyy$$$$dddd    9999bbbbllllccccaaaa&quot;)" methodname="RepeatTestRandom" classname="Open_Lab_04._05.Tests" runstate="Runnable" seed="71453175" result="Passed" start-time="2021-11-05 08:16:34Z" end-time="2021-11-05 08:16:34Z" duration="0.000084" asserts="1" />
            <test-case id="1024" name="RepeatTestRandom(&quot;66&amp;oYR&quot;,9,&quot;666666666666666666&amp;&amp;&amp;&amp;&amp;&amp;&amp;&amp;&amp;oooooooooYYYYYYYYYRRRRRRRRR&quot;)" fullname="Open_Lab_04._05.Tests.RepeatTestRandom(&quot;66&amp;oYR&quot;,9,&quot;666666666666666666&amp;&amp;&amp;&amp;&amp;&amp;&amp;&amp;&amp;oooooooooYYYYYYYYYRRRRRRRRR&quot;)" methodname="RepeatTestRandom" classname="Open_Lab_04._05.Tests" runstate="Runnable" seed="1001507233" result="Passed" start-time="2021-11-05 08:16:34Z" end-time="2021-11-05 08:16:34Z" duration="0.000156" asserts="1" />
            <test-case id="1025" name="RepeatTestRandom(&quot;?]J8-LvaJ&quot;,9,&quot;?????????]]]]]]]]]JJJJJJJJJ888888888---------LLLLLLLLLvvvvvvvvvaaaaaaaaaJJJJJJJJJ&quot;)" fullname="Open_Lab_04._05.Tests.RepeatTestRandom(&quot;?]J8-LvaJ&quot;,9,&quot;?????????]]]]]]]]]JJJJJJJJJ888888888---------LLLLLLLLLvvvvvvvvvaaaaaaaaaJJJJJJJJJ&quot;)" methodname="RepeatTestRandom" classname="Open_Lab_04._05.Tests" runstate="Runnable" seed="1301479331" result="Passed" start-time="2021-11-05 08:16:34Z" end-time="2021-11-05 08:16:34Z" duration="0.000082" asserts="1" />
            <test-case id="1026" name="RepeatTestRandom(&quot;de1L,!pt*'CU$SfZK5nK&quot;,10,&quot;ddddddddddeeeeeeeeee1111111111LLLLLLLLLL,,,,,,,,,,!!!!!!!!!!pppppppppptttttttttt**********''''''''''CCCCCCCCCCUUUUUUUUUU$$$$$$$$$$SSSSSSSSSSffffffffffZZZZZZZZZZKKKKKKKKKK5555555555nnnnnnnnnnKKKKKKKKKK&quot;)" fullname="Open_Lab_04._05.Tests.RepeatTestRandom(&quot;de1L,!pt*'CU$SfZK5nK&quot;,10,&quot;ddddddddddeeeeeeeeee1111111111LLLLLLLLLL,,,,,,,,,,!!!!!!!!!!pppppppppptttttttttt**********''''''''''CCCCCCCCCCUUUUUUUUUU$$$$$$$$$$SSSSSSSSSSffffffffffZZZZZZZZZZKKKKKKKKKK5555555555nnnnnnnnnnKKKKKKKKKK&quot;)" methodname="RepeatTestRandom" classname="Open_Lab_04._05.Tests" runstate="Runnable" seed="766281224" result="Passed" start-time="2021-11-05 08:16:34Z" end-time="2021-11-05 08:16:34Z" duration="0.000125" asserts="1" />
            <test-case id="1027" name="RepeatTestRandom(&quot;d&amp;[NfVO= Bhb*L%eu&quot;,5,&quot;ddddd&amp;&amp;&amp;&amp;&amp;[[[[[NNNNNfffffVVVVVOOOOO=====     BBBBBhhhhhbbbbb*****LLLLL%%%%%eeeeeuuuuu&quot;)" fullname="Open_Lab_04._05.Tests.RepeatTestRandom(&quot;d&amp;[NfVO= Bhb*L%eu&quot;,5,&quot;ddddd&amp;&amp;&amp;&amp;&amp;[[[[[NNNNNfffffVVVVVOOOOO=====     BBBBBhhhhhbbbbb*****LLLLL%%%%%eeeeeuuuuu&quot;)" methodname="RepeatTestRandom" classname="Open_Lab_04._05.Tests" runstate="Runnable" seed="94931920" result="Passed" start-time="2021-11-05 08:16:34Z" end-time="2021-11-05 08:16:34Z" duration="0.000074" asserts="1" />
            <test-case id="1028" name="RepeatTestRandom(&quot;Ye9w(F`AlJLWKRw!&quot;,9,&quot;YYYYYYYYYeeeeeeeee999999999wwwwwwwww(((((((((FFFFFFFFF`````````AAAAAAAAAlllllllllJJJJJJJJJLLLLLLLLLWWWWWWWWWKKKKKKKKKRRRRRRRRRwwwwwwwww!!!!!!!!!&quot;)" fullname="Open_Lab_04._05.Tests.RepeatTestRandom(&quot;Ye9w(F`AlJLWKRw!&quot;,9,&quot;YYYYYYYYYeeeeeeeee999999999wwwwwwwww(((((((((FFFFFFFFF`````````AAAAAAAAAlllllllllJJJJJJJJJLLLLLLLLLWWWWWWWWWKKKKKKKKKRRRRRRRRRwwwwwwwww!!!!!!!!!&quot;)" methodname="RepeatTestRandom" classname="Open_Lab_04._05.Tests" runstate="Runnable" seed="1754474874" result="Passed" start-time="2021-11-05 08:16:34Z" end-time="2021-11-05 08:16:34Z" duration="0.000115" asserts="1" />
            <test-case id="1029" name="RepeatTestRandom(&quot;X59Dg'!g&lt;H9Ua: bi&quot;,2,&quot;XX5599DDgg''!!gg&lt;&lt;HH99UUaa::  bbii&quot;)" fullname="Open_Lab_04._05.Tests.RepeatTestRandom(&quot;X59Dg'!g&lt;H9Ua: bi&quot;,2,&quot;XX5599DDgg''!!gg&lt;&lt;HH99UUaa::  bbii&quot;)" methodname="RepeatTestRandom" classname="Open_Lab_04._05.Tests" runstate="Runnable" seed="1630524711" result="Passed" start-time="2021-11-05 08:16:34Z" end-time="2021-11-05 08:16:34Z" duration="0.000071" asserts="1" />
            <test-case id="1030" name="RepeatTestRandom(&quot;*S'&amp;5]mNe=&quot;,1,&quot;*S'&amp;5]mNe=&quot;)" fullname="Open_Lab_04._05.Tests.RepeatTestRandom(&quot;*S'&amp;5]mNe=&quot;,1,&quot;*S'&amp;5]mNe=&quot;)" methodname="RepeatTestRandom" classname="Open_Lab_04._05.Tests" runstate="Runnable" seed="484986061" result="Passed" start-time="2021-11-05 08:16:34Z" end-time="2021-11-05 08:16:34Z" duration="0.000056" asserts="1" />
            <test-case id="1031" name="RepeatTestRandom(&quot;Kut&lt;X&quot;,2,&quot;KKuutt&lt;&lt;XX&quot;)" fullname="Open_Lab_04._05.Tests.RepeatTestRandom(&quot;Kut&lt;X&quot;,2,&quot;KKuutt&lt;&lt;XX&quot;)" methodname="RepeatTestRandom" classname="Open_Lab_04._05.Tests" runstate="Runnable" seed="1557062993" result="Passed" start-time="2021-11-05 08:16:34Z" end-time="2021-11-05 08:16:34Z" duration="0.000137" asserts="1" />
            <test-case id="1032" name="RepeatTestRandom(&quot;x2v;*7&quot;,5,&quot;xxxxx22222vvvvv;;;;;*****77777&quot;)" fullname="Open_Lab_04._05.Tests.RepeatTestRandom(&quot;x2v;*7&quot;,5,&quot;xxxxx22222vvvvv;;;;;*****77777&quot;)" methodname="RepeatTestRandom" classname="Open_Lab_04._05.Tests" runstate="Runnable" seed="656872718" result="Passed" start-time="2021-11-05 08:16:34Z" end-time="2021-11-05 08:16:34Z" duration="0.000158" asserts="1" />
            <test-case id="1033" name="RepeatTestRandom(&quot;d1Wcdt&quot;,1,&quot;d1Wcdt&quot;)" fullname="Open_Lab_04._05.Tests.RepeatTestRandom(&quot;d1Wcdt&quot;,1,&quot;d1Wcdt&quot;)" methodname="RepeatTestRandom" classname="Open_Lab_04._05.Tests" runstate="Runnable" seed="161696851" result="Passed" start-time="2021-11-05 08:16:34Z" end-time="2021-11-05 08:16:34Z" duration="0.000067" asserts="1" />
            <test-case id="1034" name="RepeatTestRandom(&quot;8P&quot;,6,&quot;888888PPPPPP&quot;)" fullname="Open_Lab_04._05.Tests.RepeatTestRandom(&quot;8P&quot;,6,&quot;888888PPPPPP&quot;)" methodname="RepeatTestRandom" classname="Open_Lab_04._05.Tests" runstate="Runnable" seed="463361424" result="Passed" start-time="2021-11-05 08:16:34Z" end-time="2021-11-05 08:16:34Z" duration="0.000066" asserts="1" />
            <test-case id="1035" name="RepeatTestRandom(&quot;bu&quot;,2,&quot;bbuu&quot;)" fullname="Open_Lab_04._05.Tests.RepeatTestRandom(&quot;bu&quot;,2,&quot;bbuu&quot;)" methodname="RepeatTestRandom" classname="Open_Lab_04._05.Tests" runstate="Runnable" seed="1966538106" result="Passed" start-time="2021-11-05 08:16:34Z" end-time="2021-11-05 08:16:34Z" duration="0.000054" asserts="1" />
            <test-case id="1036" name="RepeatTestRandom(&quot;J+:iZg&quot;,6,&quot;JJJJJJ++++++::::::iiiiiiZZZZZZgggggg&quot;)" fullname="Open_Lab_04._05.Tests.RepeatTestRandom(&quot;J+:iZg&quot;,6,&quot;JJJJJJ++++++::::::iiiiiiZZZZZZgggggg&quot;)" methodname="RepeatTestRandom" classname="Open_Lab_04._05.Tests" runstate="Runnable" seed="1997116499" result="Passed" start-time="2021-11-05 08:16:34Z" end-time="2021-11-05 08:16:34Z" duration="0.000075" asserts="1" />
            <test-case id="1037" name="RepeatTestRandom(&quot;8T$8.7xi,&quot;,10,&quot;8888888888TTTTTTTTTT$$$$$$$$$$8888888888..........7777777777xxxxxxxxxxiiiiiiiiii,,,,,,,,,,&quot;)" fullname="Open_Lab_04._05.Tests.RepeatTestRandom(&quot;8T$8.7xi,&quot;,10,&quot;8888888888TTTTTTTTTT$$$$$$$$$$8888888888..........7777777777xxxxxxxxxxiiiiiiiiii,,,,,,,,,,&quot;)" methodname="RepeatTestRandom" classname="Open_Lab_04._05.Tests" runstate="Runnable" seed="1718520369" result="Passed" start-time="2021-11-05 08:16:34Z" end-time="2021-11-05 08:16:34Z" duration="0.000080" asserts="1" />
            <test-case id="1038" name="RepeatTestRandom(&quot;&lt;.T&quot;,5,&quot;&lt;&lt;&lt;&lt;&lt;.....TTTTT&quot;)" fullname="Open_Lab_04._05.Tests.RepeatTestRandom(&quot;&lt;.T&quot;,5,&quot;&lt;&lt;&lt;&lt;&lt;.....TTTTT&quot;)" methodname="RepeatTestRandom" classname="Open_Lab_04._05.Tests" runstate="Runnable" seed="780619437" result="Passed" start-time="2021-11-05 08:16:34Z" end-time="2021-11-05 08:16:34Z" duration="0.000063" asserts="1" />
            <test-case id="1039" name="RepeatTestRandom(&quot;tt\\fHE&quot;,5,&quot;tttttttttt\\\\\\\\\\fffffHHHHHEEEEE&quot;)" fullname="Open_Lab_04._05.Tests.RepeatTestRandom(&quot;tt\\fHE&quot;,5,&quot;tttttttttt\\\\\\\\\\fffffHHHHHEEEEE&quot;)" methodname="RepeatTestRandom" classname="Open_Lab_04._05.Tests" runstate="Runnable" seed="90833098" result="Passed" start-time="2021-11-05 08:16:34Z" end-time="2021-11-05 08:16:34Z" duration="0.000066" asserts="1" />
            <test-case id="1040" name="RepeatTestRandom(&quot;Y_&quot;,5,&quot;YYYYY_____&quot;)" fullname="Open_Lab_04._05.Tests.RepeatTestRandom(&quot;Y_&quot;,5,&quot;YYYYY_____&quot;)" methodname="RepeatTestRandom" classname="Open_Lab_04._05.Tests" runstate="Runnable" seed="282807824" result="Passed" start-time="2021-11-05 08:16:34Z" end-time="2021-11-05 08:16:34Z" duration="0.000066" asserts="1" />
            <test-case id="1041" name="RepeatTestRandom(&quot;x9Wx34K/o:l SAr&lt;l6'q&quot;,9,&quot;xxxxxxxxx999999999WWWWWWWWWxxxxxxxxx333333333444444444KKKKKKKKK/////////ooooooooo:::::::::lllllllll         SSSSSSSSSAAAAAAAAArrrrrrrrr&lt;&lt;&lt;&lt;&lt;&lt;&lt;&lt;&lt;lllllllll666666666'''''''''qqqqqqqqq&quot;)" fullname="Open_Lab_04._05.Tests.RepeatTestRandom(&quot;x9Wx34K/o:l SAr&lt;l6'q&quot;,9,&quot;xxxxxxxxx999999999WWWWWWWWWxxxxxxxxx333333333444444444KKKKKKKKK/////////ooooooooo:::::::::lllllllll         SSSSSSSSSAAAAAAAAArrrrrrrrr&lt;&lt;&lt;&lt;&lt;&lt;&lt;&lt;&lt;lllllllll666666666'''''''''qqqqqqqqq&quot;)" methodname="RepeatTestRandom" classname="Open_Lab_04._05.Tests" runstate="Runnable" seed="1977017059" result="Passed" start-time="2021-11-05 08:16:34Z" end-time="2021-11-05 08:16:34Z" duration="0.000122" asserts="1" />
            <test-case id="1042" name="RepeatTestRandom(&quot;p`*&quot;,7,&quot;ppppppp```````*******&quot;)" fullname="Open_Lab_04._05.Tests.RepeatTestRandom(&quot;p`*&quot;,7,&quot;ppppppp```````*******&quot;)" methodname="RepeatTestRandom" classname="Open_Lab_04._05.Tests" runstate="Runnable" seed="1651956732" result="Passed" start-time="2021-11-05 08:16:34Z" end-time="2021-11-05 08:16:34Z" duration="0.000066" asserts="1" />
            <test-case id="1043" name="RepeatTestRandom(&quot;m' YIFykni+)u(7?Z([&quot;,3,&quot;mmm'''   YYYIIIFFFyyykkknnniii+++)))uuu(((777???ZZZ((([[[&quot;)" fullname="Open_Lab_04._05.Tests.RepeatTestRandom(&quot;m' YIFykni+)u(7?Z([&quot;,3,&quot;mmm'''   YYYIIIFFFyyykkknnniii+++)))uuu(((777???ZZZ((([[[&quot;)" methodname="RepeatTestRandom" classname="Open_Lab_04._05.Tests" runstate="Runnable" seed="1486080614" result="Passed" start-time="2021-11-05 08:16:34Z" end-time="2021-11-05 08:16:34Z" duration="0.000068" asserts="1" />
            <test-case id="1044" name="RepeatTestRandom(&quot;N12&quot;,3,&quot;NNN111222&quot;)" fullname="Open_Lab_04._05.Tests.RepeatTestRandom(&quot;N12&quot;,3,&quot;NNN111222&quot;)" methodname="RepeatTestRandom" classname="Open_Lab_04._05.Tests" runstate="Runnable" seed="1423682260" result="Passed" start-time="2021-11-05 08:16:34Z" end-time="2021-11-05 08:16:34Z" duration="0.000064" asserts="1" />
            <test-case id="1045" name="RepeatTestRandom(&quot;u:sDqm :Y(n[B&quot;,4,&quot;uuuu::::ssssDDDDqqqqmmmm    ::::YYYY((((nnnn[[[[BBBB&quot;)" fullname="Open_Lab_04._05.Tests.RepeatTestRandom(&quot;u:sDqm :Y(n[B&quot;,4,&quot;uuuu::::ssssDDDDqqqqmmmm    ::::YYYY((((nnnn[[[[BBBB&quot;)" methodname="RepeatTestRandom" classname="Open_Lab_04._05.Tests" runstate="Runnable" seed="641122209" result="Passed" start-time="2021-11-05 08:16:34Z" end-time="2021-11-05 08:16:34Z" duration="0.000067" asserts="1" />
            <test-case id="1046" name="RepeatTestRandom(&quot;P$M`--hG`5XJ &quot;,6,&quot;PPPPPP$$$$$$MMMMMM``````------------hhhhhhGGGGGG``````555555XXXXXXJJJJJJ      &quot;)" fullname="Open_Lab_04._05.Tests.RepeatTestRandom(&quot;P$M`--hG`5XJ &quot;,6,&quot;PPPPPP$$$$$$MMMMMM``````------------hhhhhhGGGGGG``````555555XXXXXXJJJJJJ      &quot;)" methodname="RepeatTestRandom" classname="Open_Lab_04._05.Tests" runstate="Runnable" seed="2039056724" result="Passed" start-time="2021-11-05 08:16:34Z" end-time="2021-11-05 08:16:34Z" duration="0.000082" asserts="1" />
            <test-case id="1047" name="RepeatTestRandom(&quot;pi6lK_rI&quot;,9,&quot;pppppppppiiiiiiiii666666666lllllllllKKKKKKKKK_________rrrrrrrrrIIIIIIIII&quot;)" fullname="Open_Lab_04._05.Tests.RepeatTestRandom(&quot;pi6lK_rI&quot;,9,&quot;pppppppppiiiiiiiii666666666lllllllllKKKKKKKKK_________rrrrrrrrrIIIIIIIII&quot;)" methodname="RepeatTestRandom" classname="Open_Lab_04._05.Tests" runstate="Runnable" seed="219679530" result="Passed" start-time="2021-11-05 08:16:34Z" end-time="2021-11-05 08:16:34Z" duration="0.000084" asserts="1" />
            <test-case id="1048" name="RepeatTestRandom(&quot;)[J.Ly`&quot;,10,&quot;))))))))))[[[[[[[[[[JJJJJJJJJJ..........LLLLLLLLLLyyyyyyyyyy``````````&quot;)" fullname="Open_Lab_04._05.Tests.RepeatTestRandom(&quot;)[J.Ly`&quot;,10,&quot;))))))))))[[[[[[[[[[JJJJJJJJJJ..........LLLLLLLLLLyyyyyyyyyy``````````&quot;)" methodname="RepeatTestRandom" classname="Open_Lab_04._05.Tests" runstate="Runnable" seed="33835006" result="Passed" start-time="2021-11-05 08:16:34Z" end-time="2021-11-05 08:16:34Z" duration="0.000069" asserts="1" />
            <test-case id="1049" name="RepeatTestRandom(&quot;QI_M5K,m3.8Cz&quot;,1,&quot;QI_M5K,m3.8Cz&quot;)" fullname="Open_Lab_04._05.Tests.RepeatTestRandom(&quot;QI_M5K,m3.8Cz&quot;,1,&quot;QI_M5K,m3.8Cz&quot;)" methodname="RepeatTestRandom" classname="Open_Lab_04._05.Tests" runstate="Runnable" seed="1267936689" result="Passed" start-time="2021-11-05 08:16:34Z" end-time="2021-11-05 08:16:34Z" duration="0.000064" asserts="1" />
            <test-case id="1050" name="RepeatTestRandom(&quot;3%DQ)pX&quot;,5,&quot;33333%%%%%DDDDDQQQQQ)))))pppppXXXXX&quot;)" fullname="Open_Lab_04._05.Tests.RepeatTestRandom(&quot;3%DQ)pX&quot;,5,&quot;33333%%%%%DDDDDQQQQQ)))))pppppXXXXX&quot;)" methodname="RepeatTestRandom" classname="Open_Lab_04._05.Tests" runstate="Runnable" seed="809157182" result="Passed" start-time="2021-11-05 08:16:34Z" end-time="2021-11-05 08:16:34Z" duration="0.000066" asserts="1" />
            <test-case id="1051" name="RepeatTestRandom(&quot;H$L&gt;947sCB&lt;p&quot;,6,&quot;HHHHHH$$$$$$LLLLLL&gt;&gt;&gt;&gt;&gt;&gt;999999444444777777ssssssCCCCCCBBBBBB&lt;&lt;&lt;&lt;&lt;&lt;pppppp&quot;)" fullname="Open_Lab_04._05.Tests.RepeatTestRandom(&quot;H$L&gt;947sCB&lt;p&quot;,6,&quot;HHHHHH$$$$$$LLLLLL&gt;&gt;&gt;&gt;&gt;&gt;999999444444777777ssssssCCCCCCBBBBBB&lt;&lt;&lt;&lt;&lt;&lt;pppppp&quot;)" methodname="RepeatTestRandom" classname="Open_Lab_04._05.Tests" runstate="Runnable" seed="940580780" result="Passed" start-time="2021-11-05 08:16:34Z" end-time="2021-11-05 08:16:34Z" duration="0.000068" asserts="1" />
            <test-case id="1052" name="RepeatTestRandom(&quot;!A?l_:[&quot;,2,&quot;!!AA??ll__::[[&quot;)" fullname="Open_Lab_04._05.Tests.RepeatTestRandom(&quot;!A?l_:[&quot;,2,&quot;!!AA??ll__::[[&quot;)" methodname="RepeatTestRandom" classname="Open_Lab_04._05.Tests" runstate="Runnable" seed="1890421387" result="Passed" start-time="2021-11-05 08:16:34Z" end-time="2021-11-05 08:16:34Z" duration="0.000064" asserts="1" />
            <test-case id="1053" name="RepeatTestRandom(&quot;4/vF&quot;,9,&quot;444444444/////////vvvvvvvvvFFFFFFFFF&quot;)" fullname="Open_Lab_04._05.Tests.RepeatTestRandom(&quot;4/vF&quot;,9,&quot;444444444/////////vvvvvvvvvFFFFFFFFF&quot;)" methodname="RepeatTestRandom" classname="Open_Lab_04._05.Tests" runstate="Runnable" seed="1408646880" result="Passed" start-time="2021-11-05 08:16:34Z" end-time="2021-11-05 08:16:34Z" duration="0.000070" asserts="1" />
            <test-case id="1054" name="RepeatTestRandom(&quot;wcsn*&quot;,6,&quot;wwwwwwccccccssssssnnnnnn******&quot;)" fullname="Open_Lab_04._05.Tests.RepeatTestRandom(&quot;wcsn*&quot;,6,&quot;wwwwwwccccccssssssnnnnnn******&quot;)" methodname="RepeatTestRandom" classname="Open_Lab_04._05.Tests" runstate="Runnable" seed="1801427369" result="Passed" start-time="2021-11-05 08:16:34Z" end-time="2021-11-05 08:16:34Z" duration="0.000066" asserts="1" />
            <test-case id="1055" name="RepeatTestRandom(&quot;yiTyr&quot;,1,&quot;yiTyr&quot;)" fullname="Open_Lab_04._05.Tests.RepeatTestRandom(&quot;yiTyr&quot;,1,&quot;yiTyr&quot;)" methodname="RepeatTestRandom" classname="Open_Lab_04._05.Tests" runstate="Runnable" seed="1250351093" result="Passed" start-time="2021-11-05 08:16:34Z" end-time="2021-11-05 08:16:34Z" duration="0.000054" asserts="1" />
            <test-case id="1056" name="RepeatTestRandom(&quot;X*E!dC/e$t;tSu8.=h]e&quot;,4,&quot;XXXX****EEEE!!!!ddddCCCC////eeee$$$$tttt;;;;ttttSSSSuuuu8888....====hhhh]]]]eeee&quot;)" fullname="Open_Lab_04._05.Tests.RepeatTestRandom(&quot;X*E!dC/e$t;tSu8.=h]e&quot;,4,&quot;XXXX****EEEE!!!!ddddCCCC////eeee$$$$tttt;;;;ttttSSSSuuuu8888....====hhhh]]]]eeee&quot;)" methodname="RepeatTestRandom" classname="Open_Lab_04._05.Tests" runstate="Runnable" seed="78156982" result="Passed" start-time="2021-11-05 08:16:34Z" end-time="2021-11-05 08:16:34Z" duration="0.000080" asserts="1" />
            <test-case id="1057" name="RepeatTestRandom(&quot;D!'6kCP7aC;pL)&quot;,5,&quot;DDDDD!!!!!'''''66666kkkkkCCCCCPPPPP77777aaaaaCCCCC;;;;;pppppLLLLL)))))&quot;)" fullname="Open_Lab_04._05.Tests.RepeatTestRandom(&quot;D!'6kCP7aC;pL)&quot;,5,&quot;DDDDD!!!!!'''''66666kkkkkCCCCCPPPPP77777aaaaaCCCCC;;;;;pppppLLLLL)))))&quot;)" methodname="RepeatTestRandom" classname="Open_Lab_04._05.Tests" runstate="Runnable" seed="299183350" result="Passed" start-time="2021-11-05 08:16:34Z" end-time="2021-11-05 08:16:34Z" duration="0.000078" asserts="1" />
            <test-case id="1058" name="RepeatTestRandom(&quot;\\1y2^zR1L6`Z615USya&quot;,8,&quot;\\\\\\\\\\\\\\\\11111111yyyyyyyy22222222^^^^^^^^zzzzzzzzRRRRRRRR11111111LLLLLLLL66666666````````ZZZZZZZZ666666661111111155555555UUUUUUUUSSSSSSSSyyyyyyyyaaaaaaaa&quot;)" fullname="Open_Lab_04._05.Tests.RepeatTestRandom(&quot;\\1y2^zR1L6`Z615USya&quot;,8,&quot;\\\\\\\\\\\\\\\\11111111yyyyyyyy22222222^^^^^^^^zzzzzzzzRRRRRRRR11111111LLLLLLLL66666666````````ZZZZZZZZ666666661111111155555555UUUUUUUUSSSSSSSSyyyyyyyyaaaaaaaa&quot;)" methodname="RepeatTestRandom" classname="Open_Lab_04._05.Tests" runstate="Runnable" seed="285405214" result="Passed" start-time="2021-11-05 08:16:34Z" end-time="2021-11-05 08:16:34Z" duration="0.000108" asserts="1" />
            <test-case id="1059" name="RepeatTestRandom(&quot;MRg4g2sX^I/CC+Kf4vD&quot;,4,&quot;MMMMRRRRgggg4444gggg2222ssssXXXX^^^^IIII////CCCCCCCC++++KKKKffff4444vvvvDDDD&quot;)" fullname="Open_Lab_04._05.Tests.RepeatTestRandom(&quot;MRg4g2sX^I/CC+Kf4vD&quot;,4,&quot;MMMMRRRRgggg4444gggg2222ssssXXXX^^^^IIII////CCCCCCCC++++KKKKffff4444vvvvDDDD&quot;)" methodname="RepeatTestRandom" classname="Open_Lab_04._05.Tests" runstate="Runnable" seed="969595376" result="Passed" start-time="2021-11-05 08:16:34Z" end-time="2021-11-05 08:16:34Z" duration="0.000077" asserts="1" />
            <test-case id="1060" name="RepeatTestRandom(&quot;eU]q O-a&lt;MCB /Z2yq&quot;,5,&quot;eeeeeUUUUU]]]]]qqqqq     OOOOO-----aaaaa&lt;&lt;&lt;&lt;&lt;MMMMMCCCCCBBBBB     /////ZZZZZ22222yyyyyqqqqq&quot;)" fullname="Open_Lab_04._05.Tests.RepeatTestRandom(&quot;eU]q O-a&lt;MCB /Z2yq&quot;,5,&quot;eeeeeUUUUU]]]]]qqqqq     OOOOO-----aaaaa&lt;&lt;&lt;&lt;&lt;MMMMMCCCCCBBBBB     /////ZZZZZ22222yyyyyqqqqq&quot;)" methodname="RepeatTestRandom" classname="Open_Lab_04._05.Tests" runstate="Runnable" seed="26776007" result="Passed" start-time="2021-11-05 08:16:34Z" end-time="2021-11-05 08:16:34Z" duration="0.000078" asserts="1" />
            <test-case id="1061" name="RepeatTestRandom(&quot;TigQ6n%dj?#&lt;t$&quot;,8,&quot;TTTTTTTTiiiiiiiiggggggggQQQQQQQQ66666666nnnnnnnn%%%%%%%%ddddddddjjjjjjjj????????########&lt;&lt;&lt;&lt;&lt;&lt;&lt;&lt;tttttttt$$$$$$$$&quot;)" fullname="Open_Lab_04._05.Tests.RepeatTestRandom(&quot;TigQ6n%dj?#&lt;t$&quot;,8,&quot;TTTTTTTTiiiiiiiiggggggggQQQQQQQQ66666666nnnnnnnn%%%%%%%%ddddddddjjjjjjjj????????########&lt;&lt;&lt;&lt;&lt;&lt;&lt;&lt;tttttttt$$$$$$$$&quot;)" methodname="RepeatTestRandom" classname="Open_Lab_04._05.Tests" runstate="Runnable" seed="860779139" result="Passed" start-time="2021-11-05 08:16:34Z" end-time="2021-11-05 08:16:34Z" duration="0.000099" asserts="1" />
            <test-case id="1062" name="RepeatTestRandom(&quot;*&gt;g^erAvg!BwlT6$Xj&lt;v&quot;,8,&quot;********&gt;&gt;&gt;&gt;&gt;&gt;&gt;&gt;gggggggg^^^^^^^^eeeeeeeerrrrrrrrAAAAAAAAvvvvvvvvgggggggg!!!!!!!!BBBBBBBBwwwwwwwwllllllllTTTTTTTT66666666$$$$$$$$XXXXXXXXjjjjjjjj&lt;&lt;&lt;&lt;&lt;&lt;&lt;&lt;vvvvvvvv&quot;)" fullname="Open_Lab_04._05.Tests.RepeatTestRandom(&quot;*&gt;g^erAvg!BwlT6$Xj&lt;v&quot;,8,&quot;********&gt;&gt;&gt;&gt;&gt;&gt;&gt;&gt;gggggggg^^^^^^^^eeeeeeeerrrrrrrrAAAAAAAAvvvvvvvvgggggggg!!!!!!!!BBBBBBBBwwwwwwwwllllllllTTTTTTTT66666666$$$$$$$$XXXXXXXXjjjjjjjj&lt;&lt;&lt;&lt;&lt;&lt;&lt;&lt;vvvvvvvv&quot;)" methodname="RepeatTestRandom" classname="Open_Lab_04._05.Tests" runstate="Runnable" seed="1526345221" result="Passed" start-time="2021-11-05 08:16:34Z" end-time="2021-11-05 08:16:34Z" duration="0.000528" asserts="1" />
            <test-case id="1063" name="RepeatTestRandom(&quot;Z,JD&quot;,9,&quot;ZZZZZZZZZ,,,,,,,,,JJJJJJJJJDDDDDDDDD&quot;)" fullname="Open_Lab_04._05.Tests.RepeatTestRandom(&quot;Z,JD&quot;,9,&quot;ZZZZZZZZZ,,,,,,,,,JJJJJJJJJDDDDDDDDD&quot;)" methodname="RepeatTestRandom" classname="Open_Lab_04._05.Tests" runstate="Runnable" seed="1101450336" result="Passed" start-time="2021-11-05 08:16:34Z" end-time="2021-11-05 08:16:34Z" duration="0.000141" asserts="1" />
            <test-case id="1064" name="RepeatTestRandom(&quot;J&amp;IwF^'Z*)o\\Gke5K)s6&quot;,9,&quot;JJJJJJJJJ&amp;&amp;&amp;&amp;&amp;&amp;&amp;&amp;&amp;IIIIIIIIIwwwwwwwwwFFFFFFFFF^^^^^^^^^'''''''''ZZZZZZZZZ*********)))))))))ooooooooo\\\\\\\\\\\\\\\\\\GGGGGGGGGkkkkkkkkkeeeeeeeee555555555KKKKKKKKK)))))))))sssssssss666666666&quot;)" fullname="Open_Lab_04._05.Tests.RepeatTestRandom(&quot;J&amp;IwF^'Z*)o\\Gke5K)s6&quot;,9,&quot;JJJJJJJJJ&amp;&amp;&amp;&amp;&amp;&amp;&amp;&amp;&amp;IIIIIIIIIwwwwwwwwwFFFFFFFFF^^^^^^^^^'''''''''ZZZZZZZZZ*********)))))))))ooooooooo\\\\\\\\\\\\\\\\\\GGGGGGGGGkkkkkkkkkeeeeeeeee555555555KKKKKKKKK)))))))))sssssssss666666666&quot;)" methodname="RepeatTestRandom" classname="Open_Lab_04._05.Tests" runstate="Runnable" seed="135697595" result="Passed" start-time="2021-11-05 08:16:34Z" end-time="2021-11-05 08:16:34Z" duration="0.000196" asserts="1" />
            <test-case id="1065" name="RepeatTestRandom(&quot;_)bh.y_Z3A EL`RFP-LV&quot;,2,&quot;__))bbhh..yy__ZZ33AA  EELL``RRFFPP--LLVV&quot;)" fullname="Open_Lab_04._05.Tests.RepeatTestRandom(&quot;_)bh.y_Z3A EL`RFP-LV&quot;,2,&quot;__))bbhh..yy__ZZ33AA  EELL``RRFFPP--LLVV&quot;)" methodname="RepeatTestRandom" classname="Open_Lab_04._05.Tests" runstate="Runnable" seed="611663173" result="Passed" start-time="2021-11-05 08:16:34Z" end-time="2021-11-05 08:16:34Z" duration="0.000107" asserts="1" />
            <test-case id="1066" name="RepeatTestRandom(&quot;uZNxAD\\AK[n&quot;,10,&quot;uuuuuuuuuuZZZZZZZZZZNNNNNNNNNNxxxxxxxxxxAAAAAAAAAADDDDDDDDDD\\\\\\\\\\\\\\\\\\\\AAAAAAAAAAKKKKKKKKKK[[[[[[[[[[nnnnnnnnnn&quot;)" fullname="Open_Lab_04._05.Tests.RepeatTestRandom(&quot;uZNxAD\\AK[n&quot;,10,&quot;uuuuuuuuuuZZZZZZZZZZNNNNNNNNNNxxxxxxxxxxAAAAAAAAAADDDDDDDDDD\\\\\\\\\\\\\\\\\\\\AAAAAAAAAAKKKKKKKKKK[[[[[[[[[[nnnnnnnnnn&quot;)" methodname="RepeatTestRandom" classname="Open_Lab_04._05.Tests" runstate="Runnable" seed="1483230893" result="Passed" start-time="2021-11-05 08:16:34Z" end-time="2021-11-05 08:16:34Z" duration="0.000113" asserts="1" />
            <test-case id="1067" name="RepeatTestRandom(&quot;?4YP)vKpM&quot;,5,&quot;?????44444YYYYYPPPPP)))))vvvvvKKKKKpppppMMMMM&quot;)" fullname="Open_Lab_04._05.Tests.RepeatTestRandom(&quot;?4YP)vKpM&quot;,5,&quot;?????44444YYYYYPPPPP)))))vvvvvKKKKKpppppMMMMM&quot;)" methodname="RepeatTestRandom" classname="Open_Lab_04._05.Tests" runstate="Runnable" seed="376512542" result="Passed" start-time="2021-11-05 08:16:34Z" end-time="2021-11-05 08:16:34Z" duration="0.000119" asserts="1" />
            <test-case id="1068" name="RepeatTestRandom(&quot;?$&quot;,7,&quot;???????$$$$$$$&quot;)" fullname="Open_Lab_04._05.Tests.RepeatTestRandom(&quot;?$&quot;,7,&quot;???????$$$$$$$&quot;)" methodname="RepeatTestRandom" classname="Open_Lab_04._05.Tests" runstate="Runnable" seed="1904592380" result="Passed" start-time="2021-11-05 08:16:34Z" end-time="2021-11-05 08:16:34Z" duration="0.000095" asserts="1" />
            <test-case id="1069" name="RepeatTestRandom(&quot;Sed&quot;,7,&quot;SSSSSSSeeeeeeeddddddd&quot;)" fullname="Open_Lab_04._05.Tests.RepeatTestRandom(&quot;Sed&quot;,7,&quot;SSSSSSSeeeeeeeddddddd&quot;)" methodname="RepeatTestRandom" classname="Open_Lab_04._05.Tests" runstate="Runnable" seed="1259520005" result="Passed" start-time="2021-11-05 08:16:34Z" end-time="2021-11-05 08:16:34Z" duration="0.000076" asserts="1" />
            <test-case id="1070" name="RepeatTestRandom(&quot;0.'&quot;,6,&quot;000000......''''''&quot;)" fullname="Open_Lab_04._05.Tests.RepeatTestRandom(&quot;0.'&quot;,6,&quot;000000......''''''&quot;)" methodname="RepeatTestRandom" classname="Open_Lab_04._05.Tests" runstate="Runnable" seed="1414403554" result="Passed" start-time="2021-11-05 08:16:34Z" end-time="2021-11-05 08:16:34Z" duration="0.000129" asserts="1" />
            <test-case id="1071" name="RepeatTestRandom(&quot;W:ymq&quot;,3,&quot;WWW:::yyymmmqqq&quot;)" fullname="Open_Lab_04._05.Tests.RepeatTestRandom(&quot;W:ymq&quot;,3,&quot;WWW:::yyymmmqqq&quot;)" methodname="RepeatTestRandom" classname="Open_Lab_04._05.Tests" runstate="Runnable" seed="1631671218" result="Passed" start-time="2021-11-05 08:16:34Z" end-time="2021-11-05 08:16:34Z" duration="0.000302" asserts="1" />
            <test-case id="1072" name="RepeatTestRandom(&quot;!&gt;31rXBZIYHy&quot;,4,&quot;!!!!&gt;&gt;&gt;&gt;33331111rrrrXXXXBBBBZZZZIIIIYYYYHHHHyyyy&quot;)" fullname="Open_Lab_04._05.Tests.RepeatTestRandom(&quot;!&gt;31rXBZIYHy&quot;,4,&quot;!!!!&gt;&gt;&gt;&gt;33331111rrrrXXXXBBBBZZZZIIIIYYYYHHHHyyyy&quot;)" methodname="RepeatTestRandom" classname="Open_Lab_04._05.Tests" runstate="Runnable" seed="14361963" result="Passed" start-time="2021-11-05 08:16:34Z" end-time="2021-11-05 08:16:34Z" duration="0.000089" asserts="1" />
            <test-case id="1073" name="RepeatTestRandom(&quot;&lt;aVi`q@E20-??&quot;,5,&quot;&lt;&lt;&lt;&lt;&lt;aaaaaVVVVViiiii`````qqqqq@@@@@EEEEE2222200000-----??????????&quot;)" fullname="Open_Lab_04._05.Tests.RepeatTestRandom(&quot;&lt;aVi`q@E20-??&quot;,5,&quot;&lt;&lt;&lt;&lt;&lt;aaaaaVVVVViiiii`````qqqqq@@@@@EEEEE2222200000-----??????????&quot;)" methodname="RepeatTestRandom" classname="Open_Lab_04._05.Tests" runstate="Runnable" seed="1259175299" result="Passed" start-time="2021-11-05 08:16:34Z" end-time="2021-11-05 08:16:34Z" duration="0.000073" asserts="1" />
            <test-case id="1074" name="RepeatTestRandom(&quot;L\&quot;W&lt;L&gt;aJn[-BmW&quot;,5,&quot;LLLLL\&quot;\&quot;\&quot;\&quot;\&quot;WWWWW&lt;&lt;&lt;&lt;&lt;LLLLL&gt;&gt;&gt;&gt;&gt;aaaaaJJJJJnnnnn[[[[[-----BBBBBmmmmmWWWWW&quot;)" fullname="Open_Lab_04._05.Tests.RepeatTestRandom(&quot;L\&quot;W&lt;L&gt;aJn[-BmW&quot;,5,&quot;LLLLL\&quot;\&quot;\&quot;\&quot;\&quot;WWWWW&lt;&lt;&lt;&lt;&lt;LLLLL&gt;&gt;&gt;&gt;&gt;aaaaaJJJJJnnnnn[[[[[-----BBBBBmmmmmWWWWW&quot;)" methodname="RepeatTestRandom" classname="Open_Lab_04._05.Tests" runstate="Runnable" seed="827589601" result="Passed" start-time="2021-11-05 08:16:34Z" end-time="2021-11-05 08:16:34Z" duration="0.000083" asserts="1" />
            <test-case id="1075" name="RepeatTestRandom(&quot;)iS:TB$0I0W,\&quot;$S&quot;,6,&quot;))))))iiiiiiSSSSSS::::::TTTTTTBBBBBB$$$$$$000000IIIIII000000WWWWWW,,,,,,\&quot;\&quot;\&quot;\&quot;\&quot;\&quot;$$$$$$SSSSSS&quot;)" fullname="Open_Lab_04._05.Tests.RepeatTestRandom(&quot;)iS:TB$0I0W,\&quot;$S&quot;,6,&quot;))))))iiiiiiSSSSSS::::::TTTTTTBBBBBB$$$$$$000000IIIIII000000WWWWWW,,,,,,\&quot;\&quot;\&quot;\&quot;\&quot;\&quot;$$$$$$SSSSSS&quot;)" methodname="RepeatTestRandom" classname="Open_Lab_04._05.Tests" runstate="Runnable" seed="223370033" result="Passed" start-time="2021-11-05 08:16:34Z" end-time="2021-11-05 08:16:34Z" duration="0.000101" asserts="1" />
            <test-case id="1076" name="RepeatTestRandom(&quot;zwWk\\z:V6b-SOMh[I#&quot;,3,&quot;zzzwwwWWWkkk\\\\\\zzz:::VVV666bbb---SSSOOOMMMhhh[[[III###&quot;)" fullname="Open_Lab_04._05.Tests.RepeatTestRandom(&quot;zwWk\\z:V6b-SOMh[I#&quot;,3,&quot;zzzwwwWWWkkk\\\\\\zzz:::VVV666bbb---SSSOOOMMMhhh[[[III###&quot;)" methodname="RepeatTestRandom" classname="Open_Lab_04._05.Tests" runstate="Runnable" seed="83430714" result="Passed" start-time="2021-11-05 08:16:34Z" end-time="2021-11-05 08:16:34Z" duration="0.000077" asserts="1" />
            <test-case id="1077" name="RepeatTestRandom(&quot;2')yGn;aTHj(oLnZ&quot;,6,&quot;222222''''''))))))yyyyyyGGGGGGnnnnnn;;;;;;aaaaaaTTTTTTHHHHHHjjjjjj((((((ooooooLLLLLLnnnnnnZZZZZZ&quot;)" fullname="Open_Lab_04._05.Tests.RepeatTestRandom(&quot;2')yGn;aTHj(oLnZ&quot;,6,&quot;222222''''''))))))yyyyyyGGGGGGnnnnnn;;;;;;aaaaaaTTTTTTHHHHHHjjjjjj((((((ooooooLLLLLLnnnnnnZZZZZZ&quot;)" methodname="RepeatTestRandom" classname="Open_Lab_04._05.Tests" runstate="Runnable" seed="743021323" result="Passed" start-time="2021-11-05 08:16:34Z" end-time="2021-11-05 08:16:34Z" duration="0.000078" asserts="1" />
            <test-case id="1078" name="RepeatTestRandom(&quot;Gj8_&gt;[qXt]iKS !L^rm&quot;,10,&quot;GGGGGGGGGGjjjjjjjjjj8888888888__________&gt;&gt;&gt;&gt;&gt;&gt;&gt;&gt;&gt;&gt;[[[[[[[[[[qqqqqqqqqqXXXXXXXXXXtttttttttt]]]]]]]]]]iiiiiiiiiiKKKKKKKKKKSSSSSSSSSS          !!!!!!!!!!LLLLLLLLLL^^^^^^^^^^rrrrrrrrrrmmmmmmmmmm&quot;)" fullname="Open_Lab_04._05.Tests.RepeatTestRandom(&quot;Gj8_&gt;[qXt]iKS !L^rm&quot;,10,&quot;GGGGGGGGGGjjjjjjjjjj8888888888__________&gt;&gt;&gt;&gt;&gt;&gt;&gt;&gt;&gt;&gt;[[[[[[[[[[qqqqqqqqqqXXXXXXXXXXtttttttttt]]]]]]]]]]iiiiiiiiiiKKKKKKKKKKSSSSSSSSSS          !!!!!!!!!!LLLLLLLLLL^^^^^^^^^^rrrrrrrrrrmmmmmmmmmm&quot;)" methodname="RepeatTestRandom" classname="Open_Lab_04._05.Tests" runstate="Runnable" seed="795254562" result="Passed" start-time="2021-11-05 08:16:34Z" end-time="2021-11-05 08:16:34Z" duration="0.000133" asserts="1" />
            <test-case id="1079" name="RepeatTestRandom(&quot;i^S!is$^#&quot;,7,&quot;iiiiiii^^^^^^^SSSSSSS!!!!!!!iiiiiiisssssss$$$$$$$^^^^^^^#######&quot;)" fullname="Open_Lab_04._05.Tests.RepeatTestRandom(&quot;i^S!is$^#&quot;,7,&quot;iiiiiii^^^^^^^SSSSSSS!!!!!!!iiiiiiisssssss$$$$$$$^^^^^^^#######&quot;)" methodname="RepeatTestRandom" classname="Open_Lab_04._05.Tests" runstate="Runnable" seed="360385024" result="Passed" start-time="2021-11-05 08:16:34Z" end-time="2021-11-05 08:16:34Z" duration="0.000068" asserts="1" />
            <test-case id="1080" name="RepeatTestRandom(&quot;aSWbN&quot;,7,&quot;aaaaaaaSSSSSSSWWWWWWWbbbbbbbNNNNNNN&quot;)" fullname="Open_Lab_04._05.Tests.RepeatTestRandom(&quot;aSWbN&quot;,7,&quot;aaaaaaaSSSSSSSWWWWWWWbbbbbbbNNNNNNN&quot;)" methodname="RepeatTestRandom" classname="Open_Lab_04._05.Tests" runstate="Runnable" seed="1409906254" result="Passed" start-time="2021-11-05 08:16:34Z" end-time="2021-11-05 08:16:34Z" duration="0.000066" asserts="1" />
            <test-case id="1081" name="RepeatTestRandom(&quot;I'itXs)oi&amp;Bhwg&lt;M&quot;,6,&quot;IIIIII''''''iiiiiittttttXXXXXXssssss))))))ooooooiiiiii&amp;&amp;&amp;&amp;&amp;&amp;BBBBBBhhhhhhwwwwwwgggggg&lt;&lt;&lt;&lt;&lt;&lt;MMMMMM&quot;)" fullname="Open_Lab_04._05.Tests.RepeatTestRandom(&quot;I'itXs)oi&amp;Bhwg&lt;M&quot;,6,&quot;IIIIII''''''iiiiiittttttXXXXXXssssss))))))ooooooiiiiii&amp;&amp;&amp;&amp;&amp;&amp;BBBBBBhhhhhhwwwwwwgggggg&lt;&lt;&lt;&lt;&lt;&lt;MMMMMM&quot;)" methodname="RepeatTestRandom" classname="Open_Lab_04._05.Tests" runstate="Runnable" seed="546601694" result="Passed" start-time="2021-11-05 08:16:34Z" end-time="2021-11-05 08:16:34Z" duration="0.000079" asserts="1" />
            <test-case id="1082" name="RepeatTestRandom(&quot;`]Pb&quot;,7,&quot;```````]]]]]]]PPPPPPPbbbbbbb&quot;)" fullname="Open_Lab_04._05.Tests.RepeatTestRandom(&quot;`]Pb&quot;,7,&quot;```````]]]]]]]PPPPPPPbbbbbbb&quot;)" methodname="RepeatTestRandom" classname="Open_Lab_04._05.Tests" runstate="Runnable" seed="61096914" result="Passed" start-time="2021-11-05 08:16:34Z" end-time="2021-11-05 08:16:34Z" duration="0.000071" asserts="1" />
            <test-case id="1083" name="RepeatTestRandom(&quot;q#Zd D:x0.DPUo&amp;Zst)&quot;,9,&quot;qqqqqqqqq#########ZZZZZZZZZddddddddd         DDDDDDDDD:::::::::xxxxxxxxx000000000.........DDDDDDDDDPPPPPPPPPUUUUUUUUUooooooooo&amp;&amp;&amp;&amp;&amp;&amp;&amp;&amp;&amp;ZZZZZZZZZsssssssssttttttttt)))))))))&quot;)" fullname="Open_Lab_04._05.Tests.RepeatTestRandom(&quot;q#Zd D:x0.DPUo&amp;Zst)&quot;,9,&quot;qqqqqqqqq#########ZZZZZZZZZddddddddd         DDDDDDDDD:::::::::xxxxxxxxx000000000.........DDDDDDDDDPPPPPPPPPUUUUUUUUUooooooooo&amp;&amp;&amp;&amp;&amp;&amp;&amp;&amp;&amp;ZZZZZZZZZsssssssssttttttttt)))))))))&quot;)" methodname="RepeatTestRandom" classname="Open_Lab_04._05.Tests" runstate="Runnable" seed="486538185" result="Passed" start-time="2021-11-05 08:16:34Z" end-time="2021-11-05 08:16:34Z" duration="0.000107" asserts="1" />
            <test-case id="1084" name="RepeatTestRandom(&quot;5^BE%yV&quot;,10,&quot;5555555555^^^^^^^^^^BBBBBBBBBBEEEEEEEEEE%%%%%%%%%%yyyyyyyyyyVVVVVVVVVV&quot;)" fullname="Open_Lab_04._05.Tests.RepeatTestRandom(&quot;5^BE%yV&quot;,10,&quot;5555555555^^^^^^^^^^BBBBBBBBBBEEEEEEEEEE%%%%%%%%%%yyyyyyyyyyVVVVVVVVVV&quot;)" methodname="RepeatTestRandom" classname="Open_Lab_04._05.Tests" runstate="Runnable" seed="821367529" result="Passed" start-time="2021-11-05 08:16:34Z" end-time="2021-11-05 08:16:34Z" duration="0.000077" asserts="1" />
            <test-case id="1085" name="RepeatTestRandom(&quot;3b5p#T8?nEfDXhCfs&quot;,9,&quot;333333333bbbbbbbbb555555555ppppppppp#########TTTTTTTTT888888888?????????nnnnnnnnnEEEEEEEEEfffffffffDDDDDDDDDXXXXXXXXXhhhhhhhhhCCCCCCCCCfffffffffsssssssss&quot;)" fullname="Open_Lab_04._05.Tests.RepeatTestRandom(&quot;3b5p#T8?nEfDXhCfs&quot;,9,&quot;333333333bbbbbbbbb555555555ppppppppp#########TTTTTTTTT888888888?????????nnnnnnnnnEEEEEEEEEfffffffffDDDDDDDDDXXXXXXXXXhhhhhhhhhCCCCCCCCCfffffffffsssssssss&quot;)" methodname="RepeatTestRandom" classname="Open_Lab_04._05.Tests" runstate="Runnable" seed="1691888928" result="Passed" start-time="2021-11-05 08:16:34Z" end-time="2021-11-05 08:16:34Z" duration="0.000107" asserts="1" />
            <test-case id="1086" name="RepeatTestRandom(&quot;%eV&quot;,8,&quot;%%%%%%%%eeeeeeeeVVVVVVVV&quot;)" fullname="Open_Lab_04._05.Tests.RepeatTestRandom(&quot;%eV&quot;,8,&quot;%%%%%%%%eeeeeeeeVVVVVVVV&quot;)" methodname="RepeatTestRandom" classname="Open_Lab_04._05.Tests" runstate="Runnable" seed="1814125253" result="Passed" start-time="2021-11-05 08:16:34Z" end-time="2021-11-05 08:16:34Z" duration="0.000066" asserts="1" />
            <test-case id="1087" name="RepeatTestRandom(&quot;X[@8?vE^/@u]:_lLAS&quot;,7,&quot;XXXXXXX[[[[[[[@@@@@@@8888888???????vvvvvvvEEEEEEE^^^^^^^///////@@@@@@@uuuuuuu]]]]]]]:::::::_______lllllllLLLLLLLAAAAAAASSSSSSS&quot;)" fullname="Open_Lab_04._05.Tests.RepeatTestRandom(&quot;X[@8?vE^/@u]:_lLAS&quot;,7,&quot;XXXXXXX[[[[[[[@@@@@@@8888888???????vvvvvvvEEEEEEE^^^^^^^///////@@@@@@@uuuuuuu]]]]]]]:::::::_______lllllllLLLLLLLAAAAAAASSSSSSS&quot;)" methodname="RepeatTestRandom" classname="Open_Lab_04._05.Tests" runstate="Runnable" seed="1395709485" result="Passed" start-time="2021-11-05 08:16:34Z" end-time="2021-11-05 08:16:34Z" duration="0.000088" asserts="1" />
            <test-case id="1088" name="RepeatTestRandom(&quot;2rXpyY-5Qd%X(B7&quot;,1,&quot;2rXpyY-5Qd%X(B7&quot;)" fullname="Open_Lab_04._05.Tests.RepeatTestRandom(&quot;2rXpyY-5Qd%X(B7&quot;,1,&quot;2rXpyY-5Qd%X(B7&quot;)" methodname="RepeatTestRandom" classname="Open_Lab_04._05.Tests" runstate="Runnable" seed="507753129" result="Passed" start-time="2021-11-05 08:16:34Z" end-time="2021-11-05 08:16:34Z" duration="0.000069" asserts="1" />
            <test-case id="1089" name="RepeatTestRandom(&quot;  sz'5&quot;,4,&quot;        sssszzzz''''5555&quot;)" fullname="Open_Lab_04._05.Tests.RepeatTestRandom(&quot;  sz'5&quot;,4,&quot;        sssszzzz''''5555&quot;)" methodname="RepeatTestRandom" classname="Open_Lab_04._05.Tests" runstate="Runnable" seed="1360493978" result="Passed" start-time="2021-11-05 08:16:34Z" end-time="2021-11-05 08:16:34Z" duration="0.000064" asserts="1" />
            <test-case id="1090" name="RepeatTestRandom(&quot;aK3rS^1Ou\\a#K9`i0-&quot;,3,&quot;aaaKKK333rrrSSS^^^111OOOuuu\\\\\\aaa###KKK999```iii000---&quot;)" fullname="Open_Lab_04._05.Tests.RepeatTestRandom(&quot;aK3rS^1Ou\\a#K9`i0-&quot;,3,&quot;aaaKKK333rrrSSS^^^111OOOuuu\\\\\\aaa###KKK999```iii000---&quot;)" methodname="RepeatTestRandom" classname="Open_Lab_04._05.Tests" runstate="Runnable" seed="1888381124" result="Passed" start-time="2021-11-05 08:16:34Z" end-time="2021-11-05 08:16:34Z" duration="0.000068" asserts="1" />
            <test-case id="1091" name="RepeatTestRandom(&quot;&lt;TsHI8A&quot;,5,&quot;&lt;&lt;&lt;&lt;&lt;TTTTTsssssHHHHHIIIII88888AAAAA&quot;)" fullname="Open_Lab_04._05.Tests.RepeatTestRandom(&quot;&lt;TsHI8A&quot;,5,&quot;&lt;&lt;&lt;&lt;&lt;TTTTTsssssHHHHHIIIII88888AAAAA&quot;)" methodname="RepeatTestRandom" classname="Open_Lab_04._05.Tests" runstate="Runnable" seed="1697933149" result="Passed" start-time="2021-11-05 08:16:34Z" end-time="2021-11-05 08:16:34Z" duration="0.000066" asserts="1" />
            <test-case id="1092" name="RepeatTestRandom(&quot;_*\\@&quot;,6,&quot;______******\\\\\\\\\\\\@@@@@@&quot;)" fullname="Open_Lab_04._05.Tests.RepeatTestRandom(&quot;_*\\@&quot;,6,&quot;______******\\\\\\\\\\\\@@@@@@&quot;)" methodname="RepeatTestRandom" classname="Open_Lab_04._05.Tests" runstate="Runnable" seed="1433115155" result="Passed" start-time="2021-11-05 08:16:34Z" end-time="2021-11-05 08:16:34Z" duration="0.000055" asserts="1" />
            <test-case id="1093" name="RepeatTestRandom(&quot;-t&gt;y%o)&quot;,1,&quot;-t&gt;y%o)&quot;)" fullname="Open_Lab_04._05.Tests.RepeatTestRandom(&quot;-t&gt;y%o)&quot;,1,&quot;-t&gt;y%o)&quot;)" methodname="RepeatTestRandom" classname="Open_Lab_04._05.Tests" runstate="Runnable" seed="1958507708" result="Passed" start-time="2021-11-05 08:16:34Z" end-time="2021-11-05 08:16:34Z" duration="0.000055" asserts="1" />
            <test-case id="1094" name="RepeatTestRandom(&quot;P?ca:*jujxP-SfH&quot;,2,&quot;PP??ccaa::**jjuujjxxPP--SSffHH&quot;)" fullname="Open_Lab_04._05.Tests.RepeatTestRandom(&quot;P?ca:*jujxP-SfH&quot;,2,&quot;PP??ccaa::**jjuujjxxPP--SSffHH&quot;)" methodname="RepeatTestRandom" classname="Open_Lab_04._05.Tests" runstate="Runnable" seed="64057091" result="Passed" start-time="2021-11-05 08:16:34Z" end-time="2021-11-05 08:16:34Z" duration="0.000066" asserts="1" />
            <test-case id="1095" name="RepeatTestRandom(&quot;XA6Q$]G!&quot;,3,&quot;XXXAAA666QQQ$$$]]]GGG!!!&quot;)" fullname="Open_Lab_04._05.Tests.RepeatTestRandom(&quot;XA6Q$]G!&quot;,3,&quot;XXXAAA666QQQ$$$]]]GGG!!!&quot;)" methodname="RepeatTestRandom" classname="Open_Lab_04._05.Tests" runstate="Runnable" seed="1569512332" result="Passed" start-time="2021-11-05 08:16:34Z" end-time="2021-11-05 08:16:34Z" duration="0.000065" asserts="1" />
            <test-case id="1096" name="RepeatTestRandom(&quot;m/@E3E2r)OZ9$p/mBM&quot;,6,&quot;mmmmmm//////@@@@@@EEEEEE333333EEEEEE222222rrrrrr))))))OOOOOOZZZZZZ999999$$$$$$pppppp//////mmmmmmBBBBBBMMMMMM&quot;)" fullname="Open_Lab_04._05.Tests.RepeatTestRandom(&quot;m/@E3E2r)OZ9$p/mBM&quot;,6,&quot;mmmmmm//////@@@@@@EEEEEE333333EEEEEE222222rrrrrr))))))OOOOOOZZZZZZ999999$$$$$$pppppp//////mmmmmmBBBBBBMMMMMM&quot;)" methodname="RepeatTestRandom" classname="Open_Lab_04._05.Tests" runstate="Runnable" seed="450671838" result="Passed" start-time="2021-11-05 08:16:34Z" end-time="2021-11-05 08:16:34Z" duration="0.000087" asserts="1" />
            <test-case id="1097" name="RepeatTestRandom(&quot;.p]c6bs/K\\&lt;`a&quot;,2,&quot;..pp]]cc66bbss//KK\\\\&lt;&lt;``aa&quot;)" fullname="Open_Lab_04._05.Tests.RepeatTestRandom(&quot;.p]c6bs/K\\&lt;`a&quot;,2,&quot;..pp]]cc66bbss//KK\\\\&lt;&lt;``aa&quot;)" methodname="RepeatTestRandom" classname="Open_Lab_04._05.Tests" runstate="Runnable" seed="550506396" result="Passed" start-time="2021-11-05 08:16:34Z" end-time="2021-11-05 08:16:34Z" duration="0.000067" asserts="1" />
            <test-case id="1098" name="RepeatTestRandom(&quot;fIR&lt;bAo?f]&gt;=@B2;upya&quot;,3,&quot;fffIIIRRR&lt;&lt;&lt;bbbAAAooo???fff]]]&gt;&gt;&gt;===@@@BBB222;;;uuupppyyyaaa&quot;)" fullname="Open_Lab_04._05.Tests.RepeatTestRandom(&quot;fIR&lt;bAo?f]&gt;=@B2;upya&quot;,3,&quot;fffIIIRRR&lt;&lt;&lt;bbbAAAooo???fff]]]&gt;&gt;&gt;===@@@BBB222;;;uuupppyyyaaa&quot;)" methodname="RepeatTestRandom" classname="Open_Lab_04._05.Tests" runstate="Runnable" seed="1350383019" result="Passed" start-time="2021-11-05 08:16:34Z" end-time="2021-11-05 08:16:34Z" duration="0.000069" asserts="1" />
            <test-case id="1099" name="RepeatTestRandom(&quot;W.LM\&quot;FH3tSi&quot;,10,&quot;WWWWWWWWWW..........LLLLLLLLLLMMMMMMMMMM\&quot;\&quot;\&quot;\&quot;\&quot;\&quot;\&quot;\&quot;\&quot;\&quot;FFFFFFFFFFHHHHHHHHHH3333333333ttttttttttSSSSSSSSSSiiiiiiiiii&quot;)" fullname="Open_Lab_04._05.Tests.RepeatTestRandom(&quot;W.LM\&quot;FH3tSi&quot;,10,&quot;WWWWWWWWWW..........LLLLLLLLLLMMMMMMMMMM\&quot;\&quot;\&quot;\&quot;\&quot;\&quot;\&quot;\&quot;\&quot;\&quot;FFFFFFFFFFHHHHHHHHHH3333333333ttttttttttSSSSSSSSSSiiiiiiiiii&quot;)" methodname="RepeatTestRandom" classname="Open_Lab_04._05.Tests" runstate="Runnable" seed="812019087" result="Passed" start-time="2021-11-05 08:16:34Z" end-time="2021-11-05 08:16:34Z" duration="0.000079" asserts="1" />
            <test-case id="1100" name="RepeatTestRandom(&quot;Cj1D39Pr&amp;&quot;,10,&quot;CCCCCCCCCCjjjjjjjjjj1111111111DDDDDDDDDD33333333339999999999PPPPPPPPPPrrrrrrrrrr&amp;&amp;&amp;&amp;&amp;&amp;&amp;&amp;&amp;&amp;&quot;)" fullname="Open_Lab_04._05.Tests.RepeatTestRandom(&quot;Cj1D39Pr&amp;&quot;,10,&quot;CCCCCCCCCCjjjjjjjjjj1111111111DDDDDDDDDD33333333339999999999PPPPPPPPPPrrrrrrrrrr&amp;&amp;&amp;&amp;&amp;&amp;&amp;&amp;&amp;&amp;&quot;)" methodname="RepeatTestRandom" classname="Open_Lab_04._05.Tests" runstate="Runnable" seed="1305374963" result="Passed" start-time="2021-11-05 08:16:34Z" end-time="2021-11-05 08:16:34Z" duration="0.000078" asserts="1" />
            <test-case id="1101" name="RepeatTestRandom(&quot;Rh9ABjcNz&quot;,10,&quot;RRRRRRRRRRhhhhhhhhhh9999999999AAAAAAAAAABBBBBBBBBBjjjjjjjjjjccccccccccNNNNNNNNNNzzzzzzzzzz&quot;)" fullname="Open_Lab_04._05.Tests.RepeatTestRandom(&quot;Rh9ABjcNz&quot;,10,&quot;RRRRRRRRRRhhhhhhhhhh9999999999AAAAAAAAAABBBBBBBBBBjjjjjjjjjjccccccccccNNNNNNNNNNzzzzzzzzzz&quot;)" methodname="RepeatTestRandom" classname="Open_Lab_04._05.Tests" runstate="Runnable" seed="1662544182" result="Passed" start-time="2021-11-05 08:16:34Z" end-time="2021-11-05 08:16:34Z" duration="0.000084" asserts="1" />
          </test-suite>
        </test-suite>
      </test-suite>
    </test-suite>
  </test-suite>
</test-run>